<?xml version="1.0" encoding="UTF-8"?>
<testsuite xmlns:xsi="http://www.w3.org/2001/XMLSchema-instance" xsi:noNamespaceSchemaLocation="https://maven.apache.org/surefire/maven-surefire-plugin/xsd/surefire-test-report.xsd" name="runners.TestRunner" time="41.935" tests="3" errors="0" skipped="0" failures="0">
  <properties>
[...]
</properties>
  <testcase name="Verify subscription packages for different countries #1" classname="Validate subscription packages on STC TV website" time="11.223"/>
  <testcase name="Verify subscription packages for different countries #2" classname="Validate subscription packages on STC TV website" time="20.065"/>
  <testcase name="Verify subscription packages for different countries #3" classname="Validate subscription packages on STC TV website" time="9.873"/>
</testsuite>